<?xml version="1.0" encoding="UTF-8"?>
<!-- Generated by org.testng.reporters.JUnitXMLReporter -->
<testsuite hostname="LoadRunner" name="Test1" tests="12" failures="0" timestamp="12 Jun 2016 17:45:08 GMT" time="0.063" errors="0">
  <testcase name="TC_1" time="0.0" classname="com.selenium.incial.FisrtClass"/>
  <testcase name="TC_4" time="0.0" classname="com.selenium.incial.FisrtClass"/>
  <testcase name="TC_2" time="0.0" classname="com.selenium.incial.FisrtClass"/>
  <testcase name="TC_3" time="0.0" classname="com.selenium.incial.FisrtClass"/>
  <testcase name="TC_5" time="0.0" classname="com.selenium.incial.SecundClass"/>
  <testcase name="TC_6" time="0.0" classname="com.selenium.incial.SecundClass"/>
  <testcase name="TC_7" time="0.0" classname="com.selenium.incial.SecundClass"/>
  <testcase name="TC_8" time="0.0" classname="com.selenium.incial.SecundClass"/>
  <testcase name="TC_9" time="0.0" classname="com.selenium.incial.TrethTest"/>
  <testcase name="TC_10" time="0.0" classname="com.selenium.incial.TrethTest"/>
  <testcase name="TC_11" time="0.0" classname="com.selenium.incial.TrethTest"/>
  <testcase name="TC_12" time="0.0" classname="com.selenium.incial.TrethTest"/>
</testsuite> <!-- Test1 -->
