<?xml version="1.0" encoding="UTF-8"?>
<testsuite name="Test"
           tests="4"
           failures="0"
           errors="0"
           skipped="0"
           time="0,000">
  <properties />
  
  
            <testcase name="TC_7" time="0,000" classname="com.selenium.incial.SecundClass" />
                <testcase name="TC_8" time="0,000" classname="com.selenium.incial.SecundClass" />
                <testcase name="TC_5" time="0,000" classname="com.selenium.incial.SecundClass" />
                <testcase name="TC_6" time="0,000" classname="com.selenium.incial.SecundClass" />
      
</testsuite>
