<?xml version="1.0" encoding="UTF-8"?>
<testsuite name="Test"
           tests="4"
           failures="0"
           errors="0"
           skipped="0"
           time="0,000">
  <properties />
  
  
            <testcase name="TC_3" time="0,000" classname="com.selenium.incial.FisrtClass" />
                <testcase name="TC_4" time="0,000" classname="com.selenium.incial.FisrtClass" />
                <testcase name="TC_2" time="0,000" classname="com.selenium.incial.FisrtClass" />
                <testcase name="TC_1" time="0,000" classname="com.selenium.incial.FisrtClass" />
      
</testsuite>
