<?xml version="1.0" encoding="UTF-8"?>
<testng-results skipped="0" failed="0" total="2" passed="2">
  <reporter-output>
  </reporter-output>
  <suite name="Suite" duration-ms="30665" started-at="2016-06-15T13:32:43Z" finished-at="2016-06-15T13:33:14Z">
    <groups>
    </groups>
    <test name="Test" duration-ms="30665" started-at="2016-06-15T13:32:43Z" finished-at="2016-06-15T13:33:14Z">
      <class name="com.webcom.test.VerifyWebComLogin">
        <test-method status="PASS" signature="VerifyValidLogin()[pri:1, instance:com.webcom.test.VerifyWebComLogin@135b478]" name="VerifyValidLogin" duration-ms="3434" started-at="2016-06-15T10:32:43Z" finished-at="2016-06-15T10:32:46Z">
          <reporter-output>
          </reporter-output>
        </test-method> <!-- VerifyValidLogin -->
      </class> <!-- com.webcom.test.VerifyWebComLogin -->
      <class name="com.webcom.test.VerifyWebComCadastroCliente">
        <test-method status="PASS" signature="start()[pri:0, instance:com.webcom.test.VerifyWebComCadastroCliente@9f9fb0]" name="start" is-config="true" duration-ms="8" started-at="2016-06-15T10:32:43Z" finished-at="2016-06-15T10:32:43Z">
          <reporter-output>
          </reporter-output>
        </test-method> <!-- start -->
        <test-method status="PASS" signature="start()[pri:0, instance:com.webcom.test.VerifyWebComLogin@135b478]" name="start" is-config="true" duration-ms="0" started-at="2016-06-15T10:32:43Z" finished-at="2016-06-15T10:32:43Z">
          <reporter-output>
          </reporter-output>
        </test-method> <!-- start -->
        <test-method status="PASS" signature="VerifyValidLogin()[pri:2, instance:com.webcom.test.VerifyWebComCadastroCliente@9f9fb0]" name="VerifyValidLogin" duration-ms="27156" started-at="2016-06-15T10:32:46Z" finished-at="2016-06-15T10:33:14Z">
          <reporter-output>
          </reporter-output>
        </test-method> <!-- VerifyValidLogin -->
        <test-method status="PASS" signature="CleanUp()[pri:0, instance:com.webcom.test.VerifyWebComCadastroCliente@9f9fb0]" name="CleanUp" is-config="true" duration-ms="22" started-at="2016-06-15T10:33:14Z" finished-at="2016-06-15T10:33:14Z">
          <reporter-output>
          </reporter-output>
        </test-method> <!-- CleanUp -->
        <test-method status="PASS" signature="CleanUp()[pri:0, instance:com.webcom.test.VerifyWebComLogin@135b478]" name="CleanUp" is-config="true" duration-ms="36" started-at="2016-06-15T10:33:14Z" finished-at="2016-06-15T10:33:14Z">
          <reporter-output>
          </reporter-output>
        </test-method> <!-- CleanUp -->
      </class> <!-- com.webcom.test.VerifyWebComCadastroCliente -->
    </test> <!-- Test -->
  </suite> <!-- Suite -->
</testng-results>
